#Software: Microsoft Internet Information Services 10.0
#Version: 1.0
#Date: 2018-08-08 02:25:59
#Fields: date time s-ip cs-method cs-uri-stem cs-uri-query s-port cs-username c-ip cs(User-Agent) cs(Referer) sc-status sc-substatus sc-win32-status time-taken
2018-08-08 02:25:59 ::1 GET / - 8080 - ::1 Mozilla/5.0+(Windows+NT+10.0;+Win64;+x64)+AppleWebKit/537.36+(KHTML,+like+Gecko)+Chrome/68.0.3440.84+Safari/537.36 - 500 0 0 205
2018-08-08 02:25:59 ::1 GET /favicon.ico - 8080 - ::1 Mozilla/5.0+(Windows+NT+10.0;+Win64;+x64)+AppleWebKit/537.36+(KHTML,+like+Gecko)+Chrome/68.0.3440.84+Safari/537.36 http://localhost:8080/ 404 0 2 8
#Software: Microsoft Internet Information Services 10.0
#Version: 1.0
#Date: 2018-08-08 02:26:44
#Fields: date time s-ip cs-method cs-uri-stem cs-uri-query s-port cs-username c-ip cs(User-Agent) cs(Referer) sc-status sc-substatus sc-win32-status time-taken
2018-08-08 02:26:44 ::1 GET / - 8080 - ::1 Mozilla/5.0+(Windows+NT+10.0;+Win64;+x64)+AppleWebKit/537.36+(KHTML,+like+Gecko)+Chrome/68.0.3440.84+Safari/537.36 - 500 0 0 72
2018-08-08 02:26:46 ::1 GET / - 8080 - ::1 Mozilla/5.0+(Windows+NT+10.0;+Win64;+x64)+AppleWebKit/537.36+(KHTML,+like+Gecko)+Chrome/68.0.3440.84+Safari/537.36 - 500 0 0 23
2018-08-08 02:26:46 ::1 GET / - 8080 - ::1 Mozilla/5.0+(Windows+NT+10.0;+Win64;+x64)+AppleWebKit/537.36+(KHTML,+like+Gecko)+Chrome/68.0.3440.84+Safari/537.36 - 500 0 0 22
2018-08-08 02:26:47 ::1 GET / - 8080 - ::1 Mozilla/5.0+(Windows+NT+10.0;+Win64;+x64)+AppleWebKit/537.36+(KHTML,+like+Gecko)+Chrome/68.0.3440.84+Safari/537.36 - 500 0 0 20
2018-08-08 02:26:47 ::1 GET / - 8080 - ::1 Mozilla/5.0+(Windows+NT+10.0;+Win64;+x64)+AppleWebKit/537.36+(KHTML,+like+Gecko)+Chrome/68.0.3440.84+Safari/537.36 - 500 0 0 20
2018-08-08 02:26:47 ::1 GET / - 8080 - ::1 Mozilla/5.0+(Windows+NT+10.0;+Win64;+x64)+AppleWebKit/537.36+(KHTML,+like+Gecko)+Chrome/68.0.3440.84+Safari/537.36 - 500 0 0 21
2018-08-08 02:26:47 ::1 GET / - 8080 - ::1 Mozilla/5.0+(Windows+NT+10.0;+Win64;+x64)+AppleWebKit/537.36+(KHTML,+like+Gecko)+Chrome/68.0.3440.84+Safari/537.36 - 500 0 0 22
2018-08-08 02:26:47 ::1 GET / - 8080 - ::1 Mozilla/5.0+(Windows+NT+10.0;+Win64;+x64)+AppleWebKit/537.36+(KHTML,+like+Gecko)+Chrome/68.0.3440.84+Safari/537.36 - 500 0 0 20
2018-08-08 02:26:47 ::1 GET / - 8080 - ::1 Mozilla/5.0+(Windows+NT+10.0;+Win64;+x64)+AppleWebKit/537.36+(KHTML,+like+Gecko)+Chrome/68.0.3440.84+Safari/537.36 - 500 0 0 19
2018-08-08 02:26:47 ::1 GET / - 8080 - ::1 Mozilla/5.0+(Windows+NT+10.0;+Win64;+x64)+AppleWebKit/537.36+(KHTML,+like+Gecko)+Chrome/68.0.3440.84+Safari/537.36 - 500 0 0 22
2018-08-08 02:26:48 ::1 GET / - 8080 - ::1 Mozilla/5.0+(Windows+NT+10.0;+Win64;+x64)+AppleWebKit/537.36+(KHTML,+like+Gecko)+Chrome/68.0.3440.84+Safari/537.36 - 500 0 0 46
2018-08-08 02:26:48 ::1 GET / - 8080 - ::1 Mozilla/5.0+(Windows+NT+10.0;+Win64;+x64)+AppleWebKit/537.36+(KHTML,+like+Gecko)+Chrome/68.0.3440.84+Safari/537.36 - 500 0 0 47
#Software: Microsoft Internet Information Services 10.0
#Version: 1.0
#Date: 2018-08-08 02:27:22
#Fields: date time s-ip cs-method cs-uri-stem cs-uri-query s-port cs-username c-ip cs(User-Agent) cs(Referer) sc-status sc-substatus sc-win32-status time-taken
2018-08-08 02:27:22 ::1 GET / - 8080 - ::1 Mozilla/5.0+(Windows+NT+10.0;+Win64;+x64)+AppleWebKit/537.36+(KHTML,+like+Gecko)+Chrome/68.0.3440.84+Safari/537.36 - 403 14 0 327
2018-08-08 02:30:19 ::1 GET / - 8080 - ::1 Mozilla/5.0+(Windows+NT+10.0;+Win64;+x64)+AppleWebKit/537.36+(KHTML,+like+Gecko)+Chrome/68.0.3440.84+Safari/537.36 - 500 0 0 28
2018-08-08 02:31:22 ::1 GET / - 8080 - ::1 Mozilla/5.0+(Windows+NT+10.0;+Win64;+x64)+AppleWebKit/537.36+(KHTML,+like+Gecko)+Chrome/68.0.3440.84+Safari/537.36 - 200 0 0 42
2018-08-08 02:31:30 ::1 GET /fun.html - 8080 - ::1 Mozilla/5.0+(Windows+NT+10.0;+Win64;+x64)+AppleWebKit/537.36+(KHTML,+like+Gecko)+Chrome/68.0.3440.84+Safari/537.36 http://localhost:8080/ 200 0 0 5
2018-08-08 02:31:30 ::1 GET /tennisdog.jpg - 8080 - ::1 Mozilla/5.0+(Windows+NT+10.0;+Win64;+x64)+AppleWebKit/537.36+(KHTML,+like+Gecko)+Chrome/68.0.3440.84+Safari/537.36 http://localhost:8080/fun.html 200 0 0 4
2018-08-08 02:31:30 ::1 GET /style.css - 8080 - ::1 Mozilla/5.0+(Windows+NT+10.0;+Win64;+x64)+AppleWebKit/537.36+(KHTML,+like+Gecko)+Chrome/68.0.3440.84+Safari/537.36 http://localhost:8080/fun.html 200 0 0 12
2018-08-08 02:33:04 ::1 GET / - 8080 - ::1 Mozilla/5.0+(Windows+NT+10.0;+Win64;+x64)+AppleWebKit/537.36+(KHTML,+like+Gecko)+Chrome/68.0.3440.84+Safari/537.36 - 200 0 0 35
2018-08-08 02:33:16 ::1 GET /otherpage.html - 8080 - ::1 Mozilla/5.0+(Windows+NT+10.0;+Win64;+x64)+AppleWebKit/537.36+(KHTML,+like+Gecko)+Chrome/68.0.3440.84+Safari/537.36 http://localhost:8080/ 200 0 0 8
2018-08-08 02:33:21 ::1 GET /buttons.html - 8080 - ::1 Mozilla/5.0+(Windows+NT+10.0;+Win64;+x64)+AppleWebKit/537.36+(KHTML,+like+Gecko)+Chrome/68.0.3440.84+Safari/537.36 http://localhost:8080/ 200 0 0 17
2018-08-08 02:33:21 ::1 GET /buttons.css - 8080 - ::1 Mozilla/5.0+(Windows+NT+10.0;+Win64;+x64)+AppleWebKit/537.36+(KHTML,+like+Gecko)+Chrome/68.0.3440.84+Safari/537.36 http://localhost:8080/buttons.html 200 0 0 12
2018-08-08 02:37:07 ::1 GET /fun.html - 8080 - ::1 Mozilla/5.0+(Windows+NT+10.0;+Win64;+x64)+AppleWebKit/537.36+(KHTML,+like+Gecko)+Chrome/68.0.3440.84+Safari/537.36 http://localhost:8080/buttons.html 304 0 0 2
2018-08-08 02:37:08 ::1 GET /fun.html - 8080 - ::1 Mozilla/5.0+(Windows+NT+10.0;+Win64;+x64)+AppleWebKit/537.36+(KHTML,+like+Gecko)+Chrome/68.0.3440.84+Safari/537.36 http://localhost:8080/buttons.html 304 0 0 0
2018-08-08 02:37:08 ::1 GET /fun.html - 8080 - ::1 Mozilla/5.0+(Windows+NT+10.0;+Win64;+x64)+AppleWebKit/537.36+(KHTML,+like+Gecko)+Chrome/68.0.3440.84+Safari/537.36 http://localhost:8080/buttons.html 304 0 0 0
2018-08-08 02:37:08 ::1 GET /fun.html - 8080 - ::1 Mozilla/5.0+(Windows+NT+10.0;+Win64;+x64)+AppleWebKit/537.36+(KHTML,+like+Gecko)+Chrome/68.0.3440.84+Safari/537.36 http://localhost:8080/buttons.html 304 0 0 0
2018-08-08 02:37:08 ::1 GET /fun.html - 8080 - ::1 Mozilla/5.0+(Windows+NT+10.0;+Win64;+x64)+AppleWebKit/537.36+(KHTML,+like+Gecko)+Chrome/68.0.3440.84+Safari/537.36 http://localhost:8080/buttons.html 304 0 0 0
2018-08-08 02:41:39 ::1 GET /fun.html - 8080 - ::1 Mozilla/5.0+(Windows+NT+10.0;+Win64;+x64)+AppleWebKit/537.36+(KHTML,+like+Gecko)+Chrome/68.0.3440.84+Safari/537.36 http://localhost:8080/buttons.html 200 0 0 2
2018-08-08 02:42:00 ::1 GET /fun.html - 8080 - ::1 Mozilla/5.0+(Windows+NT+10.0;+Win64;+x64)+AppleWebKit/537.36+(KHTML,+like+Gecko)+Chrome/68.0.3440.84+Safari/537.36 http://localhost:8080/buttons.html 304 0 0 3
2018-08-08 02:42:00 ::1 GET /fun.html - 8080 - ::1 Mozilla/5.0+(Windows+NT+10.0;+Win64;+x64)+AppleWebKit/537.36+(KHTML,+like+Gecko)+Chrome/68.0.3440.84+Safari/537.36 http://localhost:8080/buttons.html 304 0 0 1
2018-08-08 02:42:02 ::1 GET /fun.html - 8080 - ::1 Mozilla/5.0+(Windows+NT+10.0;+Win64;+x64)+AppleWebKit/537.36+(KHTML,+like+Gecko)+Chrome/68.0.3440.84+Safari/537.36 http://localhost:8080/buttons.html 304 0 0 1
2018-08-08 02:43:38 ::1 GET /buttons.html - 8080 - ::1 Mozilla/5.0+(Windows+NT+10.0;+Win64;+x64)+AppleWebKit/537.36+(KHTML,+like+Gecko)+Chrome/68.0.3440.84+Safari/537.36 http://localhost:8080/buttons.html 200 0 0 2
2018-08-08 02:43:45 ::1 GET /mexicanpresnotes.txt - 8080 - ::1 Mozilla/5.0+(Windows+NT+10.0;+Win64;+x64)+AppleWebKit/537.36+(KHTML,+like+Gecko)+Chrome/68.0.3440.84+Safari/537.36 http://localhost:8080/fun.html 200 0 0 11
#Software: Microsoft Internet Information Services 10.0
#Version: 1.0
#Date: 2018-08-08 03:01:09
#Fields: date time s-ip cs-method cs-uri-stem cs-uri-query s-port cs-username c-ip cs(User-Agent) cs(Referer) sc-status sc-substatus sc-win32-status time-taken
2018-08-08 03:01:09 ::1 GET /fun.html - 8080 - ::1 Mozilla/5.0+(Windows+NT+10.0;+Win64;+x64)+AppleWebKit/537.36+(KHTML,+like+Gecko)+Chrome/68.0.3440.84+Safari/537.36 http://localhost:8080/fun.html 304 0 0 4
2018-08-08 03:08:02 ::1 GET /fun.html - 8080 - ::1 Mozilla/5.0+(Windows+NT+10.0;+Win64;+x64)+AppleWebKit/537.36+(KHTML,+like+Gecko)+Chrome/68.0.3440.84+Safari/537.36 http://localhost:8080/fun.html 304 0 0 1
2018-08-08 03:08:07 ::1 POST /fun.html - 8080 - ::1 Mozilla/5.0+(Windows+NT+10.0;+Win64;+x64)+AppleWebKit/537.36+(KHTML,+like+Gecko)+Chrome/68.0.3440.84+Safari/537.36 http://localhost:8080/fun.html 405 0 1 4
2018-08-08 03:09:29 ::1 POST /fun.html - 8080 - ::1 Mozilla/5.0+(Windows+NT+10.0;+Win64;+x64)+AppleWebKit/537.36+(KHTML,+like+Gecko)+Chrome/68.0.3440.84+Safari/537.36 http://localhost:8080/fun.html 405 0 1 2
2018-08-08 03:12:11 ::1 GET /fun.html - 8080 - ::1 Mozilla/5.0+(Windows+NT+10.0;+Win64;+x64)+AppleWebKit/537.36+(KHTML,+like+Gecko)+Chrome/68.0.3440.84+Safari/537.36 http://localhost:8080/fun.html 200 0 0 2
2018-08-08 03:12:11 ::1 GET /fun.html - 8080 - ::1 Mozilla/5.0+(Windows+NT+10.0;+Win64;+x64)+AppleWebKit/537.36+(KHTML,+like+Gecko)+Chrome/68.0.3440.84+Safari/537.36 http://localhost:8080/fun.html 304 0 0 1
2018-08-08 03:12:12 ::1 GET /fun.html - 8080 - ::1 Mozilla/5.0+(Windows+NT+10.0;+Win64;+x64)+AppleWebKit/537.36+(KHTML,+like+Gecko)+Chrome/68.0.3440.84+Safari/537.36 http://localhost:8080/fun.html 304 0 0 1
2018-08-08 03:12:23 ::1 GET /fun.html - 8080 - ::1 Mozilla/5.0+(Windows+NT+10.0;+Win64;+x64)+AppleWebKit/537.36+(KHTML,+like+Gecko)+Chrome/68.0.3440.84+Safari/537.36 http://localhost:8080/fun.html 304 0 0 1
2018-08-08 03:12:23 ::1 GET /fun.html - 8080 - ::1 Mozilla/5.0+(Windows+NT+10.0;+Win64;+x64)+AppleWebKit/537.36+(KHTML,+like+Gecko)+Chrome/68.0.3440.84+Safari/537.36 http://localhost:8080/fun.html 304 0 0 1
2018-08-08 03:12:23 ::1 GET /fun.html - 8080 - ::1 Mozilla/5.0+(Windows+NT+10.0;+Win64;+x64)+AppleWebKit/537.36+(KHTML,+like+Gecko)+Chrome/68.0.3440.84+Safari/537.36 http://localhost:8080/fun.html 304 0 0 1
2018-08-08 03:12:39 ::1 GET /fun.html - 8080 - ::1 Mozilla/5.0+(Windows+NT+10.0;+Win64;+x64)+AppleWebKit/537.36+(KHTML,+like+Gecko)+Chrome/68.0.3440.84+Safari/537.36 http://localhost:8080/fun.html 304 0 0 2
2018-08-08 03:12:39 ::1 GET /fun.html - 8080 - ::1 Mozilla/5.0+(Windows+NT+10.0;+Win64;+x64)+AppleWebKit/537.36+(KHTML,+like+Gecko)+Chrome/68.0.3440.84+Safari/537.36 http://localhost:8080/fun.html 304 0 0 1
2018-08-08 03:13:39 ::1 GET /fun.html - 8080 - ::1 Mozilla/5.0+(Windows+NT+10.0;+Win64;+x64)+AppleWebKit/537.36+(KHTML,+like+Gecko)+Chrome/68.0.3440.84+Safari/537.36 http://localhost:8080/fun.html 304 0 0 4
2018-08-08 03:13:39 ::1 GET /style.css - 8080 - ::1 Mozilla/5.0+(Windows+NT+10.0;+Win64;+x64)+AppleWebKit/537.36+(KHTML,+like+Gecko)+Chrome/68.0.3440.84+Safari/537.36 http://localhost:8080/fun.html 200 0 0 6
2018-08-08 03:14:21 ::1 GET /fun.html - 8080 - ::1 Mozilla/5.0+(Windows+NT+10.0;+Win64;+x64)+AppleWebKit/537.36+(KHTML,+like+Gecko)+Chrome/68.0.3440.84+Safari/537.36 http://localhost:8080/fun.html 304 0 0 1
2018-08-08 03:14:21 ::1 GET /style.css - 8080 - ::1 Mozilla/5.0+(Windows+NT+10.0;+Win64;+x64)+AppleWebKit/537.36+(KHTML,+like+Gecko)+Chrome/68.0.3440.84+Safari/537.36 http://localhost:8080/fun.html 200 0 0 1
2018-08-08 03:14:40 ::1 GET /fun.html - 8080 - ::1 Mozilla/5.0+(Windows+NT+10.0;+Win64;+x64)+AppleWebKit/537.36+(KHTML,+like+Gecko)+Chrome/68.0.3440.84+Safari/537.36 http://localhost:8080/fun.html 304 0 0 2
2018-08-08 03:14:40 ::1 GET /style.css - 8080 - ::1 Mozilla/5.0+(Windows+NT+10.0;+Win64;+x64)+AppleWebKit/537.36+(KHTML,+like+Gecko)+Chrome/68.0.3440.84+Safari/537.36 http://localhost:8080/fun.html 200 0 0 1
2018-08-08 03:15:25 ::1 GET /fun.html - 8080 - ::1 Mozilla/5.0+(Windows+NT+10.0;+Win64;+x64)+AppleWebKit/537.36+(KHTML,+like+Gecko)+Chrome/68.0.3440.84+Safari/537.36 http://localhost:8080/fun.html 304 0 0 1
2018-08-08 03:15:25 ::1 GET /style.css - 8080 - ::1 Mozilla/5.0+(Windows+NT+10.0;+Win64;+x64)+AppleWebKit/537.36+(KHTML,+like+Gecko)+Chrome/68.0.3440.84+Safari/537.36 http://localhost:8080/fun.html 200 0 0 1
2018-08-08 03:15:39 ::1 GET /fun.html - 8080 - ::1 Mozilla/5.0+(Windows+NT+10.0;+Win64;+x64)+AppleWebKit/537.36+(KHTML,+like+Gecko)+Chrome/68.0.3440.84+Safari/537.36 http://localhost:8080/fun.html 304 0 0 4
2018-08-08 03:15:39 ::1 GET /style.css - 8080 - ::1 Mozilla/5.0+(Windows+NT+10.0;+Win64;+x64)+AppleWebKit/537.36+(KHTML,+like+Gecko)+Chrome/68.0.3440.84+Safari/537.36 http://localhost:8080/fun.html 200 0 0 4
2018-08-08 03:15:39 ::1 GET /fun.html - 8080 - ::1 Mozilla/5.0+(Windows+NT+10.0;+Win64;+x64)+AppleWebKit/537.36+(KHTML,+like+Gecko)+Chrome/68.0.3440.84+Safari/537.36 http://localhost:8080/fun.html 304 0 0 1
2018-08-08 03:15:39 ::1 GET /style.css - 8080 - ::1 Mozilla/5.0+(Windows+NT+10.0;+Win64;+x64)+AppleWebKit/537.36+(KHTML,+like+Gecko)+Chrome/68.0.3440.84+Safari/537.36 http://localhost:8080/fun.html 304 0 0 1
2018-08-08 03:15:46 ::1 GET /fun.html - 8080 - ::1 Mozilla/5.0+(Windows+NT+10.0;+Win64;+x64)+AppleWebKit/537.36+(KHTML,+like+Gecko)+Chrome/68.0.3440.84+Safari/537.36 http://localhost:8080/fun.html 304 0 0 3
2018-08-08 03:15:46 ::1 GET /style.css - 8080 - ::1 Mozilla/5.0+(Windows+NT+10.0;+Win64;+x64)+AppleWebKit/537.36+(KHTML,+like+Gecko)+Chrome/68.0.3440.84+Safari/537.36 http://localhost:8080/fun.html 200 0 0 2
2018-08-08 03:15:46 ::1 GET /fun.html - 8080 - ::1 Mozilla/5.0+(Windows+NT+10.0;+Win64;+x64)+AppleWebKit/537.36+(KHTML,+like+Gecko)+Chrome/68.0.3440.84+Safari/537.36 http://localhost:8080/fun.html 304 0 0 0
2018-08-08 03:15:47 ::1 GET /style.css - 8080 - ::1 Mozilla/5.0+(Windows+NT+10.0;+Win64;+x64)+AppleWebKit/537.36+(KHTML,+like+Gecko)+Chrome/68.0.3440.84+Safari/537.36 http://localhost:8080/fun.html 304 0 0 4
2018-08-08 03:15:47 ::1 GET /fun.html - 8080 - ::1 Mozilla/5.0+(Windows+NT+10.0;+Win64;+x64)+AppleWebKit/537.36+(KHTML,+like+Gecko)+Chrome/68.0.3440.84+Safari/537.36 http://localhost:8080/fun.html 304 0 0 1
2018-08-08 03:15:47 ::1 GET /style.css - 8080 - ::1 Mozilla/5.0+(Windows+NT+10.0;+Win64;+x64)+AppleWebKit/537.36+(KHTML,+like+Gecko)+Chrome/68.0.3440.84+Safari/537.36 http://localhost:8080/fun.html 304 0 0 3
2018-08-08 03:15:58 ::1 GET /fun.html - 8080 - ::1 Mozilla/5.0+(Windows+NT+10.0;+Win64;+x64)+AppleWebKit/537.36+(KHTML,+like+Gecko)+Chrome/68.0.3440.84+Safari/537.36 http://localhost:8080/fun.html 304 0 0 2
2018-08-08 03:15:58 ::1 GET /style.css - 8080 - ::1 Mozilla/5.0+(Windows+NT+10.0;+Win64;+x64)+AppleWebKit/537.36+(KHTML,+like+Gecko)+Chrome/68.0.3440.84+Safari/537.36 http://localhost:8080/fun.html 200 0 0 3
2018-08-08 03:16:07 ::1 GET /fun.html - 8080 - ::1 Mozilla/5.0+(Windows+NT+10.0;+Win64;+x64)+AppleWebKit/537.36+(KHTML,+like+Gecko)+Chrome/68.0.3440.84+Safari/537.36 http://localhost:8080/fun.html 304 0 0 1
2018-08-08 03:16:07 ::1 GET /style.css - 8080 - ::1 Mozilla/5.0+(Windows+NT+10.0;+Win64;+x64)+AppleWebKit/537.36+(KHTML,+like+Gecko)+Chrome/68.0.3440.84+Safari/537.36 http://localhost:8080/fun.html 200 0 0 1
2018-08-08 03:16:27 ::1 GET /fun.html - 8080 - ::1 Mozilla/5.0+(Windows+NT+10.0;+Win64;+x64)+AppleWebKit/537.36+(KHTML,+like+Gecko)+Chrome/68.0.3440.84+Safari/537.36 http://localhost:8080/fun.html 304 0 0 1
2018-08-08 03:16:27 ::1 GET /style.css - 8080 - ::1 Mozilla/5.0+(Windows+NT+10.0;+Win64;+x64)+AppleWebKit/537.36+(KHTML,+like+Gecko)+Chrome/68.0.3440.84+Safari/537.36 http://localhost:8080/fun.html 200 0 0 1
2018-08-08 03:16:58 ::1 GET /fun.html - 8080 - ::1 Mozilla/5.0+(Windows+NT+10.0;+Win64;+x64)+AppleWebKit/537.36+(KHTML,+like+Gecko)+Chrome/68.0.3440.84+Safari/537.36 http://localhost:8080/fun.html 304 0 0 1
2018-08-08 03:16:58 ::1 GET /style.css - 8080 - ::1 Mozilla/5.0+(Windows+NT+10.0;+Win64;+x64)+AppleWebKit/537.36+(KHTML,+like+Gecko)+Chrome/68.0.3440.84+Safari/537.36 http://localhost:8080/fun.html 200 0 0 7
2018-08-08 03:17:12 ::1 GET /fun.html - 8080 - ::1 Mozilla/5.0+(Windows+NT+10.0;+Win64;+x64)+AppleWebKit/537.36+(KHTML,+like+Gecko)+Chrome/68.0.3440.84+Safari/537.36 http://localhost:8080/fun.html 304 0 0 1
2018-08-08 03:17:12 ::1 GET /style.css - 8080 - ::1 Mozilla/5.0+(Windows+NT+10.0;+Win64;+x64)+AppleWebKit/537.36+(KHTML,+like+Gecko)+Chrome/68.0.3440.84+Safari/537.36 http://localhost:8080/fun.html 200 0 0 4
2018-08-08 03:17:12 ::1 GET /fun.html - 8080 - ::1 Mozilla/5.0+(Windows+NT+10.0;+Win64;+x64)+AppleWebKit/537.36+(KHTML,+like+Gecko)+Chrome/68.0.3440.84+Safari/537.36 http://localhost:8080/fun.html 304 0 0 1
2018-08-08 03:17:12 ::1 GET /style.css - 8080 - ::1 Mozilla/5.0+(Windows+NT+10.0;+Win64;+x64)+AppleWebKit/537.36+(KHTML,+like+Gecko)+Chrome/68.0.3440.84+Safari/537.36 http://localhost:8080/fun.html 304 0 0 2
2018-08-08 03:17:12 ::1 GET /fun.html - 8080 - ::1 Mozilla/5.0+(Windows+NT+10.0;+Win64;+x64)+AppleWebKit/537.36+(KHTML,+like+Gecko)+Chrome/68.0.3440.84+Safari/537.36 http://localhost:8080/fun.html 304 0 0 1
2018-08-08 03:17:12 ::1 GET /style.css - 8080 - ::1 Mozilla/5.0+(Windows+NT+10.0;+Win64;+x64)+AppleWebKit/537.36+(KHTML,+like+Gecko)+Chrome/68.0.3440.84+Safari/537.36 http://localhost:8080/fun.html 304 0 0 1
2018-08-08 03:17:12 ::1 GET /fun.html - 8080 - ::1 Mozilla/5.0+(Windows+NT+10.0;+Win64;+x64)+AppleWebKit/537.36+(KHTML,+like+Gecko)+Chrome/68.0.3440.84+Safari/537.36 http://localhost:8080/fun.html 304 0 0 1
2018-08-08 03:17:12 ::1 GET /style.css - 8080 - ::1 Mozilla/5.0+(Windows+NT+10.0;+Win64;+x64)+AppleWebKit/537.36+(KHTML,+like+Gecko)+Chrome/68.0.3440.84+Safari/537.36 http://localhost:8080/fun.html 304 0 0 2
2018-08-08 03:17:26 ::1 GET /fun.html - 8080 - ::1 Mozilla/5.0+(Windows+NT+10.0;+Win64;+x64)+AppleWebKit/537.36+(KHTML,+like+Gecko)+Chrome/68.0.3440.84+Safari/537.36 http://localhost:8080/fun.html 304 0 0 1
2018-08-08 03:17:26 ::1 GET /style.css - 8080 - ::1 Mozilla/5.0+(Windows+NT+10.0;+Win64;+x64)+AppleWebKit/537.36+(KHTML,+like+Gecko)+Chrome/68.0.3440.84+Safari/537.36 http://localhost:8080/fun.html 200 0 0 1
2018-08-08 03:17:26 ::1 GET /fun.html - 8080 - ::1 Mozilla/5.0+(Windows+NT+10.0;+Win64;+x64)+AppleWebKit/537.36+(KHTML,+like+Gecko)+Chrome/68.0.3440.84+Safari/537.36 http://localhost:8080/fun.html 304 0 0 1
2018-08-08 03:17:26 ::1 GET /style.css - 8080 - ::1 Mozilla/5.0+(Windows+NT+10.0;+Win64;+x64)+AppleWebKit/537.36+(KHTML,+like+Gecko)+Chrome/68.0.3440.84+Safari/537.36 http://localhost:8080/fun.html 304 0 0 6
2018-08-08 03:17:26 ::1 GET /fun.html - 8080 - ::1 Mozilla/5.0+(Windows+NT+10.0;+Win64;+x64)+AppleWebKit/537.36+(KHTML,+like+Gecko)+Chrome/68.0.3440.84+Safari/537.36 http://localhost:8080/fun.html 304 0 0 2
2018-08-08 03:17:26 ::1 GET /style.css - 8080 - ::1 Mozilla/5.0+(Windows+NT+10.0;+Win64;+x64)+AppleWebKit/537.36+(KHTML,+like+Gecko)+Chrome/68.0.3440.84+Safari/537.36 http://localhost:8080/fun.html 304 0 0 2
2018-08-08 03:17:26 ::1 GET /fun.html - 8080 - ::1 Mozilla/5.0+(Windows+NT+10.0;+Win64;+x64)+AppleWebKit/537.36+(KHTML,+like+Gecko)+Chrome/68.0.3440.84+Safari/537.36 http://localhost:8080/fun.html 304 0 0 4
2018-08-08 03:17:26 ::1 GET /style.css - 8080 - ::1 Mozilla/5.0+(Windows+NT+10.0;+Win64;+x64)+AppleWebKit/537.36+(KHTML,+like+Gecko)+Chrome/68.0.3440.84+Safari/537.36 http://localhost:8080/fun.html 304 0 0 3
2018-08-08 03:17:27 ::1 GET /fun.html - 8080 - ::1 Mozilla/5.0+(Windows+NT+10.0;+Win64;+x64)+AppleWebKit/537.36+(KHTML,+like+Gecko)+Chrome/68.0.3440.84+Safari/537.36 http://localhost:8080/fun.html 304 0 0 7
2018-08-08 03:17:27 ::1 GET /style.css - 8080 - ::1 Mozilla/5.0+(Windows+NT+10.0;+Win64;+x64)+AppleWebKit/537.36+(KHTML,+like+Gecko)+Chrome/68.0.3440.84+Safari/537.36 http://localhost:8080/fun.html 304 0 0 5
2018-08-08 03:17:27 ::1 GET /fun.html - 8080 - ::1 Mozilla/5.0+(Windows+NT+10.0;+Win64;+x64)+AppleWebKit/537.36+(KHTML,+like+Gecko)+Chrome/68.0.3440.84+Safari/537.36 http://localhost:8080/fun.html 304 0 0 1
2018-08-08 03:17:27 ::1 GET /style.css - 8080 - ::1 Mozilla/5.0+(Windows+NT+10.0;+Win64;+x64)+AppleWebKit/537.36+(KHTML,+like+Gecko)+Chrome/68.0.3440.84+Safari/537.36 http://localhost:8080/fun.html 304 0 0 2
2018-08-08 03:17:27 ::1 GET /fun.html - 8080 - ::1 Mozilla/5.0+(Windows+NT+10.0;+Win64;+x64)+AppleWebKit/537.36+(KHTML,+like+Gecko)+Chrome/68.0.3440.84+Safari/537.36 http://localhost:8080/fun.html 304 0 0 2
2018-08-08 03:17:27 ::1 GET /style.css - 8080 - ::1 Mozilla/5.0+(Windows+NT+10.0;+Win64;+x64)+AppleWebKit/537.36+(KHTML,+like+Gecko)+Chrome/68.0.3440.84+Safari/537.36 http://localhost:8080/fun.html 304 0 0 3
2018-08-08 03:17:27 ::1 GET /fun.html - 8080 - ::1 Mozilla/5.0+(Windows+NT+10.0;+Win64;+x64)+AppleWebKit/537.36+(KHTML,+like+Gecko)+Chrome/68.0.3440.84+Safari/537.36 http://localhost:8080/fun.html 304 0 0 1
2018-08-08 03:17:27 ::1 GET /style.css - 8080 - ::1 Mozilla/5.0+(Windows+NT+10.0;+Win64;+x64)+AppleWebKit/537.36+(KHTML,+like+Gecko)+Chrome/68.0.3440.84+Safari/537.36 http://localhost:8080/fun.html 304 0 0 2
2018-08-08 03:17:27 ::1 GET /fun.html - 8080 - ::1 Mozilla/5.0+(Windows+NT+10.0;+Win64;+x64)+AppleWebKit/537.36+(KHTML,+like+Gecko)+Chrome/68.0.3440.84+Safari/537.36 http://localhost:8080/fun.html 304 0 0 2
2018-08-08 03:17:27 ::1 GET /style.css - 8080 - ::1 Mozilla/5.0+(Windows+NT+10.0;+Win64;+x64)+AppleWebKit/537.36+(KHTML,+like+Gecko)+Chrome/68.0.3440.84+Safari/537.36 http://localhost:8080/fun.html 304 0 0 2
2018-08-08 03:17:27 ::1 GET /fun.html - 8080 - ::1 Mozilla/5.0+(Windows+NT+10.0;+Win64;+x64)+AppleWebKit/537.36+(KHTML,+like+Gecko)+Chrome/68.0.3440.84+Safari/537.36 http://localhost:8080/fun.html 304 0 0 1
2018-08-08 03:17:27 ::1 GET /style.css - 8080 - ::1 Mozilla/5.0+(Windows+NT+10.0;+Win64;+x64)+AppleWebKit/537.36+(KHTML,+like+Gecko)+Chrome/68.0.3440.84+Safari/537.36 http://localhost:8080/fun.html 304 0 0 2
2018-08-08 03:18:45 ::1 GET /fun.html - 8080 - ::1 Mozilla/5.0+(Windows+NT+10.0;+Win64;+x64)+AppleWebKit/537.36+(KHTML,+like+Gecko)+Chrome/68.0.3440.84+Safari/537.36 http://localhost:8080/fun.html 200 0 0 2
2018-08-08 03:18:45 ::1 GET /style.css - 8080 - ::1 Mozilla/5.0+(Windows+NT+10.0;+Win64;+x64)+AppleWebKit/537.36+(KHTML,+like+Gecko)+Chrome/68.0.3440.84+Safari/537.36 http://localhost:8080/fun.html 200 0 0 4
2018-08-08 03:27:23 ::1 GET /buttons.html - 8080 - ::1 Mozilla/5.0+(Windows+NT+10.0;+Win64;+x64)+AppleWebKit/537.36+(KHTML,+like+Gecko)+Chrome/68.0.3440.84+Safari/537.36 http://localhost:8080/fun.html 304 0 0 13
2018-08-08 03:27:23 ::1 GET /buttons.css - 8080 - ::1 Mozilla/5.0+(Windows+NT+10.0;+Win64;+x64)+AppleWebKit/537.36+(KHTML,+like+Gecko)+Chrome/68.0.3440.84+Safari/537.36 http://localhost:8080/buttons.html 304 0 0 7
2018-08-08 03:27:23 ::1 GET /buttons.html - 8080 - ::1 Mozilla/5.0+(Windows+NT+10.0;+Win64;+x64)+AppleWebKit/537.36+(KHTML,+like+Gecko)+Chrome/68.0.3440.84+Safari/537.36 http://localhost:8080/buttons.html 304 0 0 1
2018-08-08 03:27:37 ::1 GET /fun.html - 8080 - ::1 Mozilla/5.0+(Windows+NT+10.0;+Win64;+x64)+AppleWebKit/537.36+(KHTML,+like+Gecko)+Chrome/68.0.3440.84+Safari/537.36 http://localhost:8080/buttons.html? 304 0 0 3
2018-08-08 03:27:37 ::1 GET /style.css - 8080 - ::1 Mozilla/5.0+(Windows+NT+10.0;+Win64;+x64)+AppleWebKit/537.36+(KHTML,+like+Gecko)+Chrome/68.0.3440.84+Safari/537.36 http://localhost:8080/fun.html 304 0 0 2
#Software: Microsoft Internet Information Services 10.0
#Version: 1.0
#Date: 2018-08-08 18:29:23
#Fields: date time s-ip cs-method cs-uri-stem cs-uri-query s-port cs-username c-ip cs(User-Agent) cs(Referer) sc-status sc-substatus sc-win32-status time-taken
2018-08-08 18:29:23 127.0.0.1 GET /fun.html - 8080 - 127.0.0.1 Mozilla/5.0+(Windows+NT+10.0;+Win64;+x64)+AppleWebKit/537.36+(KHTML,+like+Gecko)+Chrome/68.0.3440.84+Safari/537.36 - 304 0 0 4
2018-08-08 18:29:23 127.0.0.1 GET /style.css - 8080 - 127.0.0.1 Mozilla/5.0+(Windows+NT+10.0;+Win64;+x64)+AppleWebKit/537.36+(KHTML,+like+Gecko)+Chrome/68.0.3440.84+Safari/537.36 http://localhost:8080/fun.html 304 0 0 6
