#Software: Microsoft Internet Information Services 10.0
#Version: 1.0
#Date: 2018-08-09 00:05:25
#Fields: date time s-ip cs-method cs-uri-stem cs-uri-query s-port cs-username c-ip cs(User-Agent) cs(Referer) sc-status sc-substatus sc-win32-status time-taken
2018-08-09 00:05:25 ::1 GET / - 8080 - ::1 Mozilla/5.0+(Windows+NT+10.0;+Win64;+x64)+AppleWebKit/537.36+(KHTML,+like+Gecko)+Chrome/68.0.3440.106+Safari/537.36 - 200 0 0 394
2018-08-09 00:05:25 ::1 GET /tennisdog.jpg - 8080 - ::1 Mozilla/5.0+(Windows+NT+10.0;+Win64;+x64)+AppleWebKit/537.36+(KHTML,+like+Gecko)+Chrome/68.0.3440.106+Safari/537.36 http://localhost:8080/ 200 0 0 18
2018-08-09 00:05:25 ::1 GET /style.css - 8080 - ::1 Mozilla/5.0+(Windows+NT+10.0;+Win64;+x64)+AppleWebKit/537.36+(KHTML,+like+Gecko)+Chrome/68.0.3440.106+Safari/537.36 http://localhost:8080/ 304 0 0 23
2018-08-09 00:05:25 ::1 GET /favicon.ico - 8080 - ::1 Mozilla/5.0+(Windows+NT+10.0;+Win64;+x64)+AppleWebKit/537.36+(KHTML,+like+Gecko)+Chrome/68.0.3440.106+Safari/537.36 http://localhost:8080/ 404 0 2 2
2018-08-09 00:05:44 ::1 POST / - 8080 - ::1 Mozilla/5.0+(Windows+NT+10.0;+Win64;+x64)+AppleWebKit/537.36+(KHTML,+like+Gecko)+Chrome/68.0.3440.106+Safari/537.36 http://localhost:8080/ 405 0 1 9
2018-08-09 00:05:51 ::1 GET /buttons.html - 8080 - ::1 Mozilla/5.0+(Windows+NT+10.0;+Win64;+x64)+AppleWebKit/537.36+(KHTML,+like+Gecko)+Chrome/68.0.3440.106+Safari/537.36 http://localhost:8080/ 200 0 0 27
2018-08-09 00:05:51 ::1 GET /buttons.css - 8080 - ::1 Mozilla/5.0+(Windows+NT+10.0;+Win64;+x64)+AppleWebKit/537.36+(KHTML,+like+Gecko)+Chrome/68.0.3440.106+Safari/537.36 http://localhost:8080/buttons.html 200 0 0 39
2018-08-09 00:05:52 ::1 GET /buttons.html - 8080 - ::1 Mozilla/5.0+(Windows+NT+10.0;+Win64;+x64)+AppleWebKit/537.36+(KHTML,+like+Gecko)+Chrome/68.0.3440.106+Safari/537.36 http://localhost:8080/buttons.html 304 0 0 2
2018-08-09 00:06:00 ::1 GET /fun.html - 8080 - ::1 Mozilla/5.0+(Windows+NT+10.0;+Win64;+x64)+AppleWebKit/537.36+(KHTML,+like+Gecko)+Chrome/68.0.3440.106+Safari/537.36 http://localhost:8080/buttons.html? 304 0 0 1
2018-08-09 00:06:02 ::1 GET /mexicanpresnotes.txt - 8080 - ::1 Mozilla/5.0+(Windows+NT+10.0;+Win64;+x64)+AppleWebKit/537.36+(KHTML,+like+Gecko)+Chrome/68.0.3440.106+Safari/537.36 http://localhost:8080/fun.html 200 0 0 14
2018-08-09 00:06:04 ::1 GET /otherpage.html - 8080 - ::1 Mozilla/5.0+(Windows+NT+10.0;+Win64;+x64)+AppleWebKit/537.36+(KHTML,+like+Gecko)+Chrome/68.0.3440.106+Safari/537.36 http://localhost:8080/fun.html 200 0 0 6
2018-08-09 00:06:14 ::1 POST /fun.html - 8080 - ::1 Mozilla/5.0+(Windows+NT+10.0;+Win64;+x64)+AppleWebKit/537.36+(KHTML,+like+Gecko)+Chrome/68.0.3440.106+Safari/537.36 http://localhost:8080/fun.html 405 0 1 2
2018-08-09 00:10:21 ::1 GET /fun.html - 8080 - ::1 Mozilla/5.0+(Windows+NT+10.0;+Win64;+x64)+AppleWebKit/537.36+(KHTML,+like+Gecko)+Chrome/68.0.3440.106+Safari/537.36 http://localhost:8080/buttons.html? 200 0 0 1
2018-08-09 00:10:24 ::1 GET /fun.html aaaaaaaa=dfshsgfh 8080 - ::1 Mozilla/5.0+(Windows+NT+10.0;+Win64;+x64)+AppleWebKit/537.36+(KHTML,+like+Gecko)+Chrome/68.0.3440.106+Safari/537.36 http://localhost:8080/fun.html 200 0 0 4
2018-08-09 00:10:28 ::1 GET /fun.html aaaaaaaa=tyutyutyu&e=foop 8080 - ::1 Mozilla/5.0+(Windows+NT+10.0;+Win64;+x64)+AppleWebKit/537.36+(KHTML,+like+Gecko)+Chrome/68.0.3440.106+Safari/537.36 http://localhost:8080/fun.html?aaaaaaaa=dfshsgfh 200 0 0 1
2018-08-09 00:10:46 ::1 GET /fun.html aaaaaaaa=gjhfhgfghfghjfhgjfhjgf&e=doop 8080 - ::1 Mozilla/5.0+(Windows+NT+10.0;+Win64;+x64)+AppleWebKit/537.36+(KHTML,+like+Gecko)+Chrome/68.0.3440.106+Safari/537.36 http://localhost:8080/fun.html?aaaaaaaa=tyutyutyu&e=foop 200 0 0 3
2018-08-09 00:12:00 ::1 GET /fun.html aaaaaaaa=gjhfhgfghfghjfhgjfhjgf&e=doop 8080 - ::1 Mozilla/5.0+(Windows+NT+10.0;+Win64;+x64)+AppleWebKit/537.36+(KHTML,+like+Gecko)+Chrome/68.0.3440.106+Safari/537.36 http://localhost:8080/fun.html?aaaaaaaa=tyutyutyu&e=foop 304 0 0 0
2018-08-09 00:12:00 ::1 GET /fun.html aaaaaaaa=gjhfhgfghfghjfhgjfhjgf&e=doop 8080 - ::1 Mozilla/5.0+(Windows+NT+10.0;+Win64;+x64)+AppleWebKit/537.36+(KHTML,+like+Gecko)+Chrome/68.0.3440.106+Safari/537.36 http://localhost:8080/fun.html?aaaaaaaa=tyutyutyu&e=foop 304 0 0 1
2018-08-09 00:12:02 ::1 GET /fun.html aaaaaaaa=gjhfhgfghfghjfhgjfhjgf&e=doop 8080 - ::1 Mozilla/5.0+(Windows+NT+10.0;+Win64;+x64)+AppleWebKit/537.36+(KHTML,+like+Gecko)+Chrome/68.0.3440.106+Safari/537.36 http://localhost:8080/fun.html?aaaaaaaa=tyutyutyu&e=foop 304 0 0 0
2018-08-09 00:12:16 ::1 GET /fun.html aaaaaaaa=gjhfhgfghfghjfhgjfhjgf&e=doop 8080 - ::1 Mozilla/5.0+(Windows+NT+10.0;+Win64;+x64)+AppleWebKit/537.36+(KHTML,+like+Gecko)+Chrome/68.0.3440.106+Safari/537.36 http://localhost:8080/fun.html?aaaaaaaa=tyutyutyu&e=foop 304 0 0 1
2018-08-09 00:12:16 ::1 GET /fun.html aaaaaaaa=gjhfhgfghfghjfhgjfhjgf&e=doop 8080 - ::1 Mozilla/5.0+(Windows+NT+10.0;+Win64;+x64)+AppleWebKit/537.36+(KHTML,+like+Gecko)+Chrome/68.0.3440.106+Safari/537.36 http://localhost:8080/fun.html?aaaaaaaa=tyutyutyu&e=foop 304 0 0 0
2018-08-09 00:12:16 ::1 GET /fun.html aaaaaaaa=gjhfhgfghfghjfhgjfhjgf&e=doop 8080 - ::1 Mozilla/5.0+(Windows+NT+10.0;+Win64;+x64)+AppleWebKit/537.36+(KHTML,+like+Gecko)+Chrome/68.0.3440.106+Safari/537.36 http://localhost:8080/fun.html?aaaaaaaa=tyutyutyu&e=foop 304 0 0 3
2018-08-09 00:12:16 ::1 GET /fun.html aaaaaaaa=gjhfhgfghfghjfhgjfhjgf&e=doop 8080 - ::1 Mozilla/5.0+(Windows+NT+10.0;+Win64;+x64)+AppleWebKit/537.36+(KHTML,+like+Gecko)+Chrome/68.0.3440.106+Safari/537.36 http://localhost:8080/fun.html?aaaaaaaa=tyutyutyu&e=foop 304 0 0 8
2018-08-09 00:12:30 ::1 GET /fun.html aaaaaaaa=gjhfhgfghfghjfhgjfhjgf&e=doop 8080 - ::1 Mozilla/5.0+(Windows+NT+10.0;+Win64;+x64)+AppleWebKit/537.36+(KHTML,+like+Gecko)+Chrome/68.0.3440.106+Safari/537.36 http://localhost:8080/fun.html?aaaaaaaa=tyutyutyu&e=foop 304 0 0 0
2018-08-09 00:12:39 ::1 GET /fun.html - 8080 - ::1 Mozilla/5.0+(Windows+NT+10.0;+Win64;+x64)+AppleWebKit/537.36+(KHTML,+like+Gecko)+Chrome/68.0.3440.106+Safari/537.36 http://localhost:8080/buttons.html? 304 0 0 2
2018-08-09 00:13:20 ::1 GET /fun.html - 8080 - ::1 Mozilla/5.0+(Windows+NT+10.0;+Win64;+x64)+AppleWebKit/537.36+(KHTML,+like+Gecko)+Chrome/68.0.3440.106+Safari/537.36 http://localhost:8080/buttons.html? 304 0 0 1
2018-08-09 00:24:02 ::1 GET /fun.html - 8080 - ::1 Mozilla/5.0+(Windows+NT+10.0;+Win64;+x64)+AppleWebKit/537.36+(KHTML,+like+Gecko)+Chrome/68.0.3440.106+Safari/537.36 http://localhost:8080/buttons.html? 200 0 0 1
2018-08-09 00:24:23 ::1 GET /otherpage.html - 8080 - ::1 Mozilla/5.0+(Windows+NT+10.0;+Win64;+x64)+AppleWebKit/537.36+(KHTML,+like+Gecko)+Chrome/68.0.3440.106+Safari/537.36 http://localhost:8080/fun.html 200 0 0 0
2018-08-09 00:24:23 ::1 GET /otherpage.css - 8080 - ::1 Mozilla/5.0+(Windows+NT+10.0;+Win64;+x64)+AppleWebKit/537.36+(KHTML,+like+Gecko)+Chrome/68.0.3440.106+Safari/537.36 http://localhost:8080/otherpage.html 200 0 0 1
2018-08-09 00:24:23 ::1 GET /otherpage.html - 8080 - ::1 Mozilla/5.0+(Windows+NT+10.0;+Win64;+x64)+AppleWebKit/537.36+(KHTML,+like+Gecko)+Chrome/68.0.3440.106+Safari/537.36 http://localhost:8080/fun.html 304 0 0 1
2018-08-09 00:24:45 ::1 GET /otherpage.html - 8080 - ::1 Mozilla/5.0+(Windows+NT+10.0;+Win64;+x64)+AppleWebKit/537.36+(KHTML,+like+Gecko)+Chrome/68.0.3440.106+Safari/537.36 http://localhost:8080/fun.html 200 0 0 1
2018-08-09 00:24:45 ::1 GET /otherpage.css - 8080 - ::1 Mozilla/5.0+(Windows+NT+10.0;+Win64;+x64)+AppleWebKit/537.36+(KHTML,+like+Gecko)+Chrome/68.0.3440.106+Safari/537.36 http://localhost:8080/otherpage.html 304 0 0 1
2018-08-09 00:25:53 ::1 GET /otherpage.html - 8080 - ::1 Mozilla/5.0+(Windows+NT+10.0;+Win64;+x64)+AppleWebKit/537.36+(KHTML,+like+Gecko)+Chrome/68.0.3440.106+Safari/537.36 http://localhost:8080/fun.html 200 0 0 1
2018-08-09 00:25:53 ::1 GET /otherpage.css - 8080 - ::1 Mozilla/5.0+(Windows+NT+10.0;+Win64;+x64)+AppleWebKit/537.36+(KHTML,+like+Gecko)+Chrome/68.0.3440.106+Safari/537.36 http://localhost:8080/otherpage.html 304 0 0 1
2018-08-09 00:25:54 ::1 GET /fun.html - 8080 - ::1 Mozilla/5.0+(Windows+NT+10.0;+Win64;+x64)+AppleWebKit/537.36+(KHTML,+like+Gecko)+Chrome/68.0.3440.106+Safari/537.36 http://localhost:8080/otherpage.html 304 0 0 2
2018-08-09 00:26:00 ::1 GET /otherpage.html - 8080 - ::1 Mozilla/5.0+(Windows+NT+10.0;+Win64;+x64)+AppleWebKit/537.36+(KHTML,+like+Gecko)+Chrome/68.0.3440.106+Safari/537.36 http://localhost:8080/fun.html 304 0 0 2
2018-08-09 00:26:13 ::1 GET /otherpage.html - 8080 - ::1 Mozilla/5.0+(Windows+NT+10.0;+Win64;+x64)+AppleWebKit/537.36+(KHTML,+like+Gecko)+Chrome/68.0.3440.106+Safari/537.36 http://localhost:8080/fun.html 200 0 0 1
2018-08-09 00:26:13 ::1 GET /otherpage.css - 8080 - ::1 Mozilla/5.0+(Windows+NT+10.0;+Win64;+x64)+AppleWebKit/537.36+(KHTML,+like+Gecko)+Chrome/68.0.3440.106+Safari/537.36 http://localhost:8080/otherpage.html 304 0 0 1
2018-08-09 00:26:16 ::1 GET /otherpage.html - 8080 - ::1 Mozilla/5.0+(Windows+NT+10.0;+Win64;+x64)+AppleWebKit/537.36+(KHTML,+like+Gecko)+Chrome/68.0.3440.106+Safari/537.36 http://localhost:8080/fun.html 304 0 0 4
